{
  "stats": {
    "suites": 1,
    "tests": 3,
    "passes": 3,
    "pending": 0,
    "failures": 0,
    "start": "2022-04-12T08:50:54.576Z",
    "end": "2022-04-12T08:51:01.936Z",
    "duration": 7297,
    "testsRegistered": 3,
    "passPercent": 100,
    "pendingPercent": 0,
    "other": 0,
    "hasOther": false,
    "skipped": 0,
    "hasSkipped": false
  },
  "results": [
    {
      "uuid": "a140ea56-b2a3-42e0-9817-f3ac988ff4b6",
      "title": "",
      "fullFile": "cypress/integration/fileUpload.spec.js",
      "file": "cypress/integration/fileUpload.spec.js",
      "beforeHooks": [],
      "afterHooks": [],
      "tests": [],
      "suites": [
        {
          "uuid": "78e9bd9a-7a0b-4832-ab0e-87f0df8e5a46",
          "title": "File upload and download tests",
          "fullFile": "",
          "file": "",
          "beforeHooks": [],
          "afterHooks": [],
          "tests": [
            {
              "title": "Upload file and download it in Zip format",
              "fullTitle": "File upload and download tests Upload file and download it in Zip format",
              "timedOut": null,
              "duration": 3402,
              "state": "passed",
              "speed": "fast",
              "pass": true,
              "fail": false,
              "pending": false,
              "context": null,
              "code": "cy.get('#fileField').attachFile('FFVII_REMAKE.jpg');\ncy.get('[data-bs-target=\"#modalArchive\"]').click();\ncy.contains('Zip').invoke('attr', 'href').then(downloadLink => {\n  cy.log(downloadLink);\n  cy.downloadFile(\"https://filebin.net/\" + downloadLink, 'cypress/downloads/zipFiles', 'downloadedFromCypress.zip');\n  cy.readFile('mydownloads/zipFiles/downloadedFromCypress.zip');\n});",
              "err": {},
              "uuid": "0232c56d-5bfb-4b38-9e5a-1a81a8f8c2ec",
              "parentUUID": "78e9bd9a-7a0b-4832-ab0e-87f0df8e5a46",
              "isHook": false,
              "skipped": false
            },
            {
              "title": "Upload file and download it in Tar format",
              "fullTitle": "File upload and download tests Upload file and download it in Tar format",
              "timedOut": null,
              "duration": 2923,
              "state": "passed",
              "speed": "fast",
              "pass": true,
              "fail": false,
              "pending": false,
              "context": null,
              "code": "cy.get('#fileField').attachFile('FFVII_REMAKE.jpg');\ncy.get('[data-bs-target=\"#modalArchive\"]').click();\ncy.contains('Tar').invoke('attr', 'href').then(downloadLink => {\n  cy.log(downloadLink);\n  cy.downloadFile(Cypress.config('baseUrl') + downloadLink, 'cypress/downloads/tarFiles', 'downloadedFromCypress.tar');\n  cy.readFile('mydownloads/tarFiles/downloadedFromCypress.tar');\n});",
              "err": {},
              "uuid": "be8e3c87-1295-46c1-b09c-b1f45fbffe6a",
              "parentUUID": "78e9bd9a-7a0b-4832-ab0e-87f0df8e5a46",
              "isHook": false,
              "skipped": false
            },
            {
              "title": "Upload file and want to download but go back",
              "fullTitle": "File upload and download tests Upload file and want to download but go back",
              "timedOut": null,
              "duration": 972,
              "state": "passed",
              "speed": "fast",
              "pass": true,
              "fail": false,
              "pending": false,
              "context": null,
              "code": "cy.get('#fileField').attachFile('FFVII_REMAKE.jpg');\ncy.get('.lead').should('contain', \"was created\");",
              "err": {},
              "uuid": "f8c609ce-b608-4c86-9972-7c94728e0c83",
              "parentUUID": "78e9bd9a-7a0b-4832-ab0e-87f0df8e5a46",
              "isHook": false,
              "skipped": false
            }
          ],
          "suites": [],
          "passes": [
            "0232c56d-5bfb-4b38-9e5a-1a81a8f8c2ec",
            "be8e3c87-1295-46c1-b09c-b1f45fbffe6a",
            "f8c609ce-b608-4c86-9972-7c94728e0c83"
          ],
          "failures": [],
          "pending": [],
          "skipped": [],
          "duration": 7297,
          "root": false,
          "rootEmpty": false,
          "_timeout": 2000
        }
      ],
      "passes": [],
      "failures": [],
      "pending": [],
      "skipped": [],
      "duration": 0,
      "root": true,
      "rootEmpty": true,
      "_timeout": 2000
    }
  ],
  "meta": {
    "mocha": {
      "version": "7.0.1"
    },
    "mochawesome": {
      "options": {
        "quiet": false,
        "reportFilename": "mochawesome",
        "saveHtml": false,
        "saveJson": true,
        "consoleReporter": "spec",
        "useInlineDiffs": false,
        "code": true
      },
      "version": "7.1.3"
    },
    "marge": {
      "options": {
        "reportDir": "cypress/results",
        "overwrite": false,
        "html": false,
        "json": true
      },
      "version": "6.2.0"
    }
  }
}