{
  "stats": {
    "suites": 1,
    "tests": 2,
    "passes": 2,
    "pending": 0,
    "failures": 0,
    "start": "2022-04-12T09:21:31.585Z",
    "end": "2022-04-12T09:21:36.375Z",
    "duration": 4790,
    "testsRegistered": 2,
    "passPercent": 100,
    "pendingPercent": 0,
    "other": 0,
    "hasOther": false,
    "skipped": 0,
    "hasSkipped": false
  },
  "results": [
    {
      "uuid": "3581117e-8bcf-4c58-8dcc-ca89dbf6d2d2",
      "title": "",
      "fullFile": "cypress/integration/fileUpload.spec.js",
      "file": "cypress/integration/fileUpload.spec.js",
      "beforeHooks": [],
      "afterHooks": [],
      "tests": [],
      "suites": [
        {
          "uuid": "8e527b6e-1afa-4000-b09f-ce3d09c75b9c",
          "title": "File upload and download tests",
          "fullFile": "",
          "file": "",
          "beforeHooks": [],
          "afterHooks": [],
          "tests": [
            {
              "title": "Upload file and download it in Zip format",
              "fullTitle": "File upload and download tests Upload file and download it in Zip format",
              "timedOut": null,
              "duration": 2855,
              "state": "passed",
              "speed": "fast",
              "pass": true,
              "fail": false,
              "pending": false,
              "context": null,
              "code": "cy.get('#fileField').attachFile('FFVII_REMAKE.jpg');\ncy.get('[data-bs-target=\"#modalArchive\"]').click();\ncy.contains('Zip').invoke('attr', 'href').then(downloadLink => {\n  cy.log(downloadLink);\n  cy.downloadFile(\"https://filebin.net/\" + downloadLink, 'cypress/downloads/zipFiles', 'downloadedFromCypress.zip');\n  cy.readFile('mydownloads/zipFiles/downloadedFromCypress.zip');\n});",
              "err": {},
              "uuid": "cdf6e635-d28f-4f22-92ed-b7b37222960a",
              "parentUUID": "8e527b6e-1afa-4000-b09f-ce3d09c75b9c",
              "isHook": false,
              "skipped": false
            },
            {
              "title": "Upload file and download it in Tar format",
              "fullTitle": "File upload and download tests Upload file and download it in Tar format",
              "timedOut": null,
              "duration": 1871,
              "state": "passed",
              "speed": "fast",
              "pass": true,
              "fail": false,
              "pending": false,
              "context": null,
              "code": "cy.get('#fileField').attachFile('FFVII_REMAKE.jpg');\ncy.get('[data-bs-target=\"#modalArchive\"]').click();\ncy.contains('Tar').invoke('attr', 'href').then(downloadLink => {\n  cy.log(downloadLink);\n  cy.downloadFile(Cypress.config('baseUrl') + downloadLink, 'cypress/downloads/tarFiles', 'downloadedFromCypress.tar');\n  cy.readFile('mydownloads/tarFiles/downloadedFromCypress.tar');\n});",
              "err": {},
              "uuid": "4812f785-b387-4edb-bab8-c2aaef4c90ca",
              "parentUUID": "8e527b6e-1afa-4000-b09f-ce3d09c75b9c",
              "isHook": false,
              "skipped": false
            }
          ],
          "suites": [],
          "passes": [
            "cdf6e635-d28f-4f22-92ed-b7b37222960a",
            "4812f785-b387-4edb-bab8-c2aaef4c90ca"
          ],
          "failures": [],
          "pending": [],
          "skipped": [],
          "duration": 4726,
          "root": false,
          "rootEmpty": false,
          "_timeout": 2000
        }
      ],
      "passes": [],
      "failures": [],
      "pending": [],
      "skipped": [],
      "duration": 0,
      "root": true,
      "rootEmpty": true,
      "_timeout": 2000
    }
  ],
  "meta": {
    "mocha": {
      "version": "7.0.1"
    },
    "mochawesome": {
      "options": {
        "quiet": false,
        "reportFilename": "mochawesome",
        "saveHtml": false,
        "saveJson": true,
        "consoleReporter": "spec",
        "useInlineDiffs": false,
        "code": true
      },
      "version": "7.1.3"
    },
    "marge": {
      "options": {
        "reportDir": "cypress/results",
        "overwrite": false,
        "html": false,
        "json": true
      },
      "version": "6.2.0"
    }
  }
}