{
  "stats": {
    "suites": 1,
    "tests": 3,
    "passes": 2,
    "pending": 0,
    "failures": 1,
    "start": "2022-04-12T08:04:09.340Z",
    "end": "2022-04-12T08:04:15.528Z",
    "duration": 6188,
    "testsRegistered": 3,
    "passPercent": 66.66666666666666,
    "pendingPercent": 0,
    "other": 0,
    "hasOther": false,
    "skipped": 0,
    "hasSkipped": false
  },
  "results": [
    {
      "uuid": "e496f3c8-2493-43d5-bff7-181814065cf2",
      "title": "",
      "fullFile": "cypress/integration/fileUpload.spec.js",
      "file": "cypress/integration/fileUpload.spec.js",
      "beforeHooks": [],
      "afterHooks": [],
      "tests": [],
      "suites": [
        {
          "uuid": "6607eccb-a059-489c-b932-5ad823dff5c7",
          "title": "File upload and download tests",
          "fullFile": "",
          "file": "",
          "beforeHooks": [],
          "afterHooks": [],
          "tests": [
            {
              "title": "Upload file and download it in Zip format",
              "fullTitle": "File upload and download tests Upload file and download it in Zip format",
              "timedOut": null,
              "duration": 3875,
              "state": "passed",
              "speed": "fast",
              "pass": true,
              "fail": false,
              "pending": false,
              "context": null,
              "code": "cy.get('#fileField').attachFile('FFVII_REMAKE.jpg');\ncy.get('[data-bs-target=\"#modalArchive\"]').click();\ncy.contains('Zip').invoke('attr', 'href').then(downloadLink => {\n  cy.log(downloadLink);\n  cy.downloadFile(\"https://filebin.net/\" + downloadLink, 'cypress/downloads/zipFiles', 'downloadedFromCypress.zip');\n  cy.readFile('mydownloads/zipFiles/downloadedFromCypress.zip');\n});",
              "err": {},
              "uuid": "20a975de-24d1-48a6-ba93-d9fb48696b60",
              "parentUUID": "6607eccb-a059-489c-b932-5ad823dff5c7",
              "isHook": false,
              "skipped": false
            },
            {
              "title": "Upload file and download it in Tar format",
              "fullTitle": "File upload and download tests Upload file and download it in Tar format",
              "timedOut": null,
              "duration": 1695,
              "state": "passed",
              "speed": "fast",
              "pass": true,
              "fail": false,
              "pending": false,
              "context": null,
              "code": "cy.get('#fileField').attachFile('FFVII_REMAKE.jpg');\ncy.get('[data-bs-target=\"#modalArchive\"]').click();\ncy.contains('Tar').invoke('attr', 'href').then(downloadLink => {\n  cy.log(downloadLink);\n  cy.downloadFile(Cypress.config('baseUrl') + downloadLink, 'cypress/downloads/tarFiles', 'downloadedFromCypress.tar');\n  cy.readFile('mydownloads/tarFiles/downloadedFromCypress.tar');\n});",
              "err": {},
              "uuid": "7d481495-b1e7-4572-aa8a-9eddca04c3b4",
              "parentUUID": "6607eccb-a059-489c-b932-5ad823dff5c7",
              "isHook": false,
              "skipped": false
            },
            {
              "title": "Upload file and want to download but go back",
              "fullTitle": "File upload and download tests Upload file and want to download but go back",
              "timedOut": null,
              "duration": 498,
              "state": "failed",
              "speed": null,
              "pass": false,
              "fail": true,
              "pending": false,
              "context": null,
              "code": "cy.get('#fileField').attachFile('FFVII_REMAKE.jpg');\ncy.get('[data-bs-dismiss=\"modal\"]').click();",
              "err": {
                "message": "CypressError: `cy.click()` can only be called on a single element. Your subject contained 6 elements. Pass `{ multiple: true }` if you want to serially click each element.\n\nhttps://on.cypress.io/click",
                "estack": "CypressError: `cy.click()` can only be called on a single element. Your subject contained 6 elements. Pass `{ multiple: true }` if you want to serially click each element.\n\nhttps://on.cypress.io/click\n    at mouseAction (https://filebin.net/__cypress/runner/cypress_runner.js:152539:76)\n    at Context.click (https://filebin.net/__cypress/runner/cypress_runner.js:152718:14)\n    at Context.<anonymous> (https://filebin.net/__cypress/runner/cypress_runner.js:173242:19)\nFrom Your Spec Code:\n    at Context.eval (https://filebin.net/__cypress/tests?p=cypress\\integration\\fileUpload.spec.js:124:41)",
                "diff": null
              },
              "uuid": "1db45ec4-e560-4888-80f8-74f1a9d65ae5",
              "parentUUID": "6607eccb-a059-489c-b932-5ad823dff5c7",
              "isHook": false,
              "skipped": false
            }
          ],
          "suites": [],
          "passes": [
            "20a975de-24d1-48a6-ba93-d9fb48696b60",
            "7d481495-b1e7-4572-aa8a-9eddca04c3b4"
          ],
          "failures": [
            "1db45ec4-e560-4888-80f8-74f1a9d65ae5"
          ],
          "pending": [],
          "skipped": [],
          "duration": 6068,
          "root": false,
          "rootEmpty": false,
          "_timeout": 2000
        }
      ],
      "passes": [],
      "failures": [],
      "pending": [],
      "skipped": [],
      "duration": 0,
      "root": true,
      "rootEmpty": true,
      "_timeout": 2000
    }
  ],
  "meta": {
    "mocha": {
      "version": "7.0.1"
    },
    "mochawesome": {
      "options": {
        "quiet": false,
        "reportFilename": "mochawesome",
        "saveHtml": false,
        "saveJson": true,
        "consoleReporter": "spec",
        "useInlineDiffs": false,
        "code": true
      },
      "version": "7.1.3"
    },
    "marge": {
      "options": {
        "reportDir": "cypress/results",
        "overwrite": false,
        "html": false,
        "json": true
      },
      "version": "6.2.0"
    }
  }
}